

================================================================
== Synthesis Summary Report of 'standalone_mmult'
================================================================
+ General Information: 
    * Date:           Sat Apr 18 12:59:43 2026
    * Version:        2025.2 (Build 6295257 on Nov 14 2025)
    * Project:        hls_sol3
    * Solution:       hls (Vivado IP Flow Target)
    * Product family: zynq
    * Target device:  xc7z010-clg400-1
    

* Performance & Resource Estimates: 
+------------------------+------+---------------------+----------+---------+------+----------+---------+-----------+------+------+----------+------------+------------+-----+
|         Modules        | Issue|                     | Iteration|         | Trip |          |       Latency       |      |      |          |            |            |     |
|         & Loops        | Type |    Violation Type   |  Latency | Interval| Count| Pipelined| (cycles)|    (ns)   | Slack| BRAM |    DSP   |     FF     |     LUT    | URAM|
+------------------------+------+---------------------+----------+---------+------+----------+---------+-----------+------+------+----------+------------+------------+-----+
|+ standalone_mmult      |     -|                    -|         -|     8352|     -|        no|     8351|  8.351e+04|  0.04|     -|  20 (25%)|  5565 (15%)|  5492 (31%)|    -|
| + mmult_hw_float_32_s  |     -|                    -|         -|        -|     -|       yes|     8350|  8.350e+04|  0.04|     -|  20 (25%)|  5562 (15%)|  5478 (31%)|    -|
|  o L1_L2               |    II|  Resource Limitation|       165|        8|  1024|       yes|     8348|  8.348e+04|  7.30|     -|         -|           -|           -|    -|
+------------------------+------+---------------------+----------+---------+------+----------+---------+-----------+------+------+----------+------------+------------+-----+
    II Violation Information: docs.amd.com/access/sources/dita/topic?Doc_Version=2025.2%20English&url=ug1448-hls-guidance&resourceid=200-880.html
    Name Prefix: '+' for module, 'o' for loop, '*' for dataflow


================================================================
== HW Interfaces
================================================================
* AP_MEMORY
+--------------+-----------+----------+
| Port         | Direction | Bitwidth |
+--------------+-----------+----------+
| A_0_address0 | out       | 9        |
| A_0_address1 | out       | 9        |
| A_0_q0       | in        | 32       |
| A_0_q1       | in        | 32       |
| A_1_address0 | out       | 9        |
| A_1_address1 | out       | 9        |
| A_1_q0       | in        | 32       |
| A_1_q1       | in        | 32       |
| B_0_address0 | out       | 9        |
| B_0_address1 | out       | 9        |
| B_0_q0       | in        | 32       |
| B_0_q1       | in        | 32       |
| B_1_address0 | out       | 9        |
| B_1_address1 | out       | 9        |
| B_1_q0       | in        | 32       |
| B_1_q1       | in        | 32       |
| C_address0   | out       | 10       |
| C_d0         | out       | 32       |
+--------------+-----------+----------+

* TOP LEVEL CONTROL
+-----------+------------+-----------------------------------+
| Interface | Type       | Ports                             |
+-----------+------------+-----------------------------------+
| ap_clk    | clock      | ap_clk                            |
| ap_rst    | reset      | ap_rst                            |
| ap_ctrl   | ap_ctrl_hs | ap_done ap_idle ap_ready ap_start |
+-----------+------------+-----------------------------------+


================================================================
== SW I/O Information
================================================================
* Top Function Arguments
+----------+-----------+----------+
| Argument | Direction | Datatype |
+----------+-----------+----------+
| A        | in        | float*   |
| B        | in        | float*   |
| C        | out       | float*   |
+----------+-----------+----------+

* SW-to-HW Mapping
+----------+--------------+---------+----------+
| Argument | HW Interface | HW Type | HW Usage |
+----------+--------------+---------+----------+
| A        | A_0_address0 | port    | offset   |
| A        | A_0_ce0      | port    |          |
| A        | A_0_q0       | port    |          |
| A        | A_0_address1 | port    | offset   |
| A        | A_0_ce1      | port    |          |
| A        | A_0_q1       | port    |          |
| A        | A_1_address0 | port    | offset   |
| A        | A_1_ce0      | port    |          |
| A        | A_1_q0       | port    |          |
| A        | A_1_address1 | port    | offset   |
| A        | A_1_ce1      | port    |          |
| A        | A_1_q1       | port    |          |
| B        | B_0_address0 | port    | offset   |
| B        | B_0_ce0      | port    |          |
| B        | B_0_q0       | port    |          |
| B        | B_0_address1 | port    | offset   |
| B        | B_0_ce1      | port    |          |
| B        | B_0_q1       | port    |          |
| B        | B_1_address0 | port    | offset   |
| B        | B_1_ce0      | port    |          |
| B        | B_1_q0       | port    |          |
| B        | B_1_address1 | port    | offset   |
| B        | B_1_ce1      | port    |          |
| B        | B_1_q1       | port    |          |
| C        | C_address0   | port    | offset   |
| C        | C_ce0        | port    |          |
| C        | C_we0        | port    |          |
| C        | C_d0         | port    |          |
+----------+--------------+---------+----------+


================================================================
== Bind Op Report
================================================================
+--------------------------------------+-----+--------+---------------+--------+----------+---------+
| Name                                 | DSP | Pragma | Variable      | Op     | Impl     | Latency |
+--------------------------------------+-----+--------+---------------+--------+----------+---------+
| + standalone_mmult                   | 20  |        |               |        |          |         |
|  + mmult_hw_float_32_s               | 20  |        |               |        |          |         |
|    icmp_ln40_fu_742_p2               |     |        | icmp_ln40     | seteq  | auto     | 0       |
|    add_ln40_1_fu_748_p2              |     |        | add_ln40_1    | add    | fabric   | 0       |
|    add_ln40_fu_760_p2                |     |        | add_ln40      | add    | fabric   | 0       |
|    icmp_ln42_fu_766_p2               |     |        | icmp_ln42     | seteq  | auto     | 0       |
|    select_ln40_fu_772_p3             |     |        | select_ln40   | select | auto_sel | 0       |
|    select_ln40_1_fu_780_p3           |     |        | select_ln40_1 | select | auto_sel | 0       |
|    add_ln48_fu_830_p2                |     |        | add_ln48      | add    | fabric   | 0       |
|    add_ln48_1_fu_926_p2              |     |        | add_ln48_1    | add    | fabric   | 0       |
|    add_ln48_2_fu_1027_p2             |     |        | add_ln48_2    | add    | fabric   | 0       |
|    add_ln48_3_fu_1116_p2             |     |        | add_ln48_3    | add    | fabric   | 0       |
|    add_ln48_4_fu_1207_p2             |     |        | add_ln48_4    | add    | fabric   | 0       |
|    add_ln48_5_fu_1297_p2             |     |        | add_ln48_5    | add    | fabric   | 0       |
|    xor_ln48_fu_1477_p2               |     |        | xor_ln48      | xor    | auto     | 0       |
|    add_ln50_fu_1499_p2               |     |        | add_ln50      | add    | fabric   | 0       |
|    fmul_32ns_32ns_32_4_max_dsp_1_U5  | 3   |        | mul           | fmul   | maxdsp   | 3       |
|    fadd_32ns_32ns_32_5_full_dsp_1_U1 | 2   |        | sum           | fadd   | fulldsp  | 4       |
|    fmul_32ns_32ns_32_4_max_dsp_1_U6  | 3   |        | mul_1         | fmul   | maxdsp   | 3       |
|    fadd_32ns_32ns_32_5_full_dsp_1_U1 | 2   |        | sum_1         | fadd   | fulldsp  | 4       |
|    fmul_32ns_32ns_32_4_max_dsp_1_U5  | 3   |        | mul_2         | fmul   | maxdsp   | 3       |
|    fadd_32ns_32ns_32_5_full_dsp_1_U1 | 2   |        | sum_2         | fadd   | fulldsp  | 4       |
|    fmul_32ns_32ns_32_4_max_dsp_1_U6  | 3   |        | mul_3         | fmul   | maxdsp   | 3       |
|    fadd_32ns_32ns_32_5_full_dsp_1_U1 | 2   |        | sum_3         | fadd   | fulldsp  | 4       |
|    fmul_32ns_32ns_32_4_max_dsp_1_U5  | 3   |        | mul_4         | fmul   | maxdsp   | 3       |
|    fadd_32ns_32ns_32_5_full_dsp_1_U1 | 2   |        | sum_4         | fadd   | fulldsp  | 4       |
|    fmul_32ns_32ns_32_4_max_dsp_1_U6  | 3   |        | mul_5         | fmul   | maxdsp   | 3       |
|    fadd_32ns_32ns_32_5_full_dsp_1_U1 | 2   |        | sum_5         | fadd   | fulldsp  | 4       |
|    fmul_32ns_32ns_32_4_max_dsp_1_U5  | 3   |        | mul_6         | fmul   | maxdsp   | 3       |
|    fadd_32ns_32ns_32_5_full_dsp_1_U1 | 2   |        | sum_6         | fadd   | fulldsp  | 4       |
|    fmul_32ns_32ns_32_4_max_dsp_1_U6  | 3   |        | mul_7         | fmul   | maxdsp   | 3       |
|    fadd_32ns_32ns_32_5_full_dsp_1_U1 | 2   |        | sum_7         | fadd   | fulldsp  | 4       |
|    fmul_32ns_32ns_32_4_max_dsp_1_U5  | 3   |        | mul_8         | fmul   | maxdsp   | 3       |
|    fadd_32ns_32ns_32_5_full_dsp_1_U2 | 2   |        | sum_8         | fadd   | fulldsp  | 4       |
|    fmul_32ns_32ns_32_4_max_dsp_1_U6  | 3   |        | mul_9         | fmul   | maxdsp   | 3       |
|    fadd_32ns_32ns_32_5_full_dsp_1_U2 | 2   |        | sum_9         | fadd   | fulldsp  | 4       |
|    fmul_32ns_32ns_32_4_max_dsp_1_U5  | 3   |        | mul_s         | fmul   | maxdsp   | 3       |
|    fadd_32ns_32ns_32_5_full_dsp_1_U2 | 2   |        | sum_10        | fadd   | fulldsp  | 4       |
|    fmul_32ns_32ns_32_4_max_dsp_1_U6  | 3   |        | mul_10        | fmul   | maxdsp   | 3       |
|    fadd_32ns_32ns_32_5_full_dsp_1_U2 | 2   |        | sum_11        | fadd   | fulldsp  | 4       |
|    fmul_32ns_32ns_32_4_max_dsp_1_U5  | 3   |        | mul_11        | fmul   | maxdsp   | 3       |
|    fadd_32ns_32ns_32_5_full_dsp_1_U2 | 2   |        | sum_12        | fadd   | fulldsp  | 4       |
|    fmul_32ns_32ns_32_4_max_dsp_1_U6  | 3   |        | mul_12        | fmul   | maxdsp   | 3       |
|    fadd_32ns_32ns_32_5_full_dsp_1_U2 | 2   |        | sum_13        | fadd   | fulldsp  | 4       |
|    fmul_32ns_32ns_32_4_max_dsp_1_U5  | 3   |        | mul_13        | fmul   | maxdsp   | 3       |
|    fadd_32ns_32ns_32_5_full_dsp_1_U2 | 2   |        | sum_14        | fadd   | fulldsp  | 4       |
|    fmul_32ns_32ns_32_4_max_dsp_1_U6  | 3   |        | mul_14        | fmul   | maxdsp   | 3       |
|    fadd_32ns_32ns_32_5_full_dsp_1_U2 | 2   |        | sum_15        | fadd   | fulldsp  | 4       |
|    fmul_32ns_32ns_32_4_max_dsp_1_U7  | 3   |        | mul_15        | fmul   | maxdsp   | 3       |
|    fadd_32ns_32ns_32_5_full_dsp_1_U3 | 2   |        | sum_16        | fadd   | fulldsp  | 4       |
|    fmul_32ns_32ns_32_4_max_dsp_1_U8  | 3   |        | mul_16        | fmul   | maxdsp   | 3       |
|    fadd_32ns_32ns_32_5_full_dsp_1_U3 | 2   |        | sum_17        | fadd   | fulldsp  | 4       |
|    fmul_32ns_32ns_32_4_max_dsp_1_U7  | 3   |        | mul_17        | fmul   | maxdsp   | 3       |
|    fadd_32ns_32ns_32_5_full_dsp_1_U3 | 2   |        | sum_18        | fadd   | fulldsp  | 4       |
|    fmul_32ns_32ns_32_4_max_dsp_1_U8  | 3   |        | mul_18        | fmul   | maxdsp   | 3       |
|    fadd_32ns_32ns_32_5_full_dsp_1_U3 | 2   |        | sum_19        | fadd   | fulldsp  | 4       |
|    fmul_32ns_32ns_32_4_max_dsp_1_U7  | 3   |        | mul_19        | fmul   | maxdsp   | 3       |
|    fadd_32ns_32ns_32_5_full_dsp_1_U3 | 2   |        | sum_20        | fadd   | fulldsp  | 4       |
|    fmul_32ns_32ns_32_4_max_dsp_1_U8  | 3   |        | mul_20        | fmul   | maxdsp   | 3       |
|    fadd_32ns_32ns_32_5_full_dsp_1_U3 | 2   |        | sum_21        | fadd   | fulldsp  | 4       |
|    fmul_32ns_32ns_32_4_max_dsp_1_U7  | 3   |        | mul_21        | fmul   | maxdsp   | 3       |
|    fadd_32ns_32ns_32_5_full_dsp_1_U3 | 2   |        | sum_22        | fadd   | fulldsp  | 4       |
|    fmul_32ns_32ns_32_4_max_dsp_1_U8  | 3   |        | mul_22        | fmul   | maxdsp   | 3       |
|    fadd_32ns_32ns_32_5_full_dsp_1_U3 | 2   |        | sum_23        | fadd   | fulldsp  | 4       |
|    fmul_32ns_32ns_32_4_max_dsp_1_U7  | 3   |        | mul_23        | fmul   | maxdsp   | 3       |
|    fadd_32ns_32ns_32_5_full_dsp_1_U4 | 2   |        | sum_24        | fadd   | fulldsp  | 4       |
|    fmul_32ns_32ns_32_4_max_dsp_1_U8  | 3   |        | mul_24        | fmul   | maxdsp   | 3       |
|    fadd_32ns_32ns_32_5_full_dsp_1_U4 | 2   |        | sum_25        | fadd   | fulldsp  | 4       |
|    fmul_32ns_32ns_32_4_max_dsp_1_U7  | 3   |        | mul_25        | fmul   | maxdsp   | 3       |
|    fadd_32ns_32ns_32_5_full_dsp_1_U4 | 2   |        | sum_26        | fadd   | fulldsp  | 4       |
|    fmul_32ns_32ns_32_4_max_dsp_1_U8  | 3   |        | mul_26        | fmul   | maxdsp   | 3       |
|    fadd_32ns_32ns_32_5_full_dsp_1_U4 | 2   |        | sum_27        | fadd   | fulldsp  | 4       |
|    fmul_32ns_32ns_32_4_max_dsp_1_U7  | 3   |        | mul_27        | fmul   | maxdsp   | 3       |
|    fadd_32ns_32ns_32_5_full_dsp_1_U4 | 2   |        | sum_28        | fadd   | fulldsp  | 4       |
|    fmul_32ns_32ns_32_4_max_dsp_1_U8  | 3   |        | mul_28        | fmul   | maxdsp   | 3       |
|    fadd_32ns_32ns_32_5_full_dsp_1_U4 | 2   |        | sum_29        | fadd   | fulldsp  | 4       |
|    fmul_32ns_32ns_32_4_max_dsp_1_U7  | 3   |        | mul_29        | fmul   | maxdsp   | 3       |
|    fadd_32ns_32ns_32_5_full_dsp_1_U4 | 2   |        | sum_30        | fadd   | fulldsp  | 4       |
|    fmul_32ns_32ns_32_4_max_dsp_1_U8  | 3   |        | mul_30        | fmul   | maxdsp   | 3       |
|    fadd_32ns_32ns_32_5_full_dsp_1_U4 | 2   |        | sum_31        | fadd   | fulldsp  | 4       |
|    add_ln42_fu_958_p2                |     |        | add_ln42      | add    | fabric   | 0       |
+--------------------------------------+-----+--------+---------------+--------+----------+---------+


================================================================
== Storage Report
================================================================
  No bind storage info in design

================================================================
== Pragma Report
================================================================
* Inferred Pragmas
+--------------+---------+--------------------------------------------------------------+---------------------+
| Type         | Options | Location                                                     | Inferred From       |
+--------------+---------+--------------------------------------------------------------+---------------------+
| LOOP_FLATTEN |         | loop L1 (./mmult.h:40:8) in mmult_hw<float, 32> (mmult.h:40) | pipeline mmult.h:44 |
+--------------+---------+--------------------------------------------------------------+---------------------+

* Valid Pragma Syntax
+-----------------+------------------------------------------+-----------------------------------+
| Type            | Options                                  | Location                          |
+-----------------+------------------------------------------+-----------------------------------+
| ARRAY_PARTITION | variable=a block factor=FACTOR dim=2     | in mmult_hw (mmult.h:37)          |
| ARRAY_PARTITION | variable=b block factor=FACTOR dim=1     | in mmult_hw (mmult.h:38)          |
| PIPELINE        | ii=4                                     | in mmult_hw (mmult.h:44)          |
| INLINE          |                                          | in pop_stream (mmult.h:59)        |
| INLINE          |                                          | in push_stream (mmult.h:72)       |
| INLINE          |                                          | in wrapped_mmult_hw (mmult.h:96)  |
| PIPELINE        | ii=1                                     | in wrapped_mmult_hw (mmult.h:105) |
| PIPELINE        | ii=1                                     | in wrapped_mmult_hw (mmult.h:114) |
| PIPELINE        | ii=1                                     | in wrapped_mmult_hw (mmult.h:126) |
| INTERFACE       | s_axilite port=return bundle=CONTROL_BUS | in hls_accel (mmult_accel.cpp:12) |
| INTERFACE       | axis port=OUTPUT_STREAM                  | in hls_accel (mmult_accel.cpp:13) |
| INTERFACE       | axis port=INPUT_STREAM                   | in hls_accel (mmult_accel.cpp:14) |
+-----------------+------------------------------------------+-----------------------------------+


